======================================================================
Run configuration
  device        : cpu
  batch_size    : 1028
  model_name    : 'keep/'
  train         : True
  load_if_exists: True (will attempt to load latest checkpoint)
  epochs        : 10000
  lr            : 0.0001
  save_per      : 10000
  log_per       : 1000
======================================================================
Loading market config from (config/) C:\Users\chris\VSCodeProjects\optimal-market-maker-exchange-contract-drl\config\market_cfg.json
Market params:
  A (lit, dark)      : [5000.0, 3000.0]
  c (theta/sigma)    : [1.5, 1.5]
  Gamma (lit, dark)  : [9.999999747378752e-05, 4.999999873689376e-05]
  sigma              : 0.1
  tick_size          : 0.03
  half_tick          : 0.015
  eps                : 1e-08
======================================================================
Loading market maker config from (config/) C:\Users\chris\VSCodeProjects\optimal-market-maker-exchange-contract-drl\config\market_maker_cfg.json
No existing checkpoint found - starting from scratch
======================================================================
Saving configuration files...
Configuration saved to C:\Users\chris\VSCodeProjects\optimal-market-maker-exchange-contract-drl\saved_models\market_maker\keep\_model
======================================================================
Training
Training epochs 1 -> 10000 (lr=0.0001, B=1028)
  Epoch  1000/10000 | loss: -2887.684570
  Epoch  2000/10000 | loss: -4779.725586
  Epoch  3000/10000 | loss: -5689.871582
  Epoch  4000/10000 | loss: -5962.106445
  Epoch  5000/10000 | loss: -5687.425293
  Epoch  6000/10000 | loss: -5878.292969
  Epoch  7000/10000 | loss: -5948.981445
  Epoch  8000/10000 | loss: -6225.625488
  Epoch  9000/10000 | loss: -6197.261230
  Epoch 10000/10000 | loss: -6002.867676
  Checkpoint saved -> C:\Users\chris\VSCodeProjects\optimal-market-maker-exchange-contract-drl\saved_models\market_maker\keep\_model\checkpoint_epoch_10000.pt
Training complete. Final epoch: 10000 | avg loss (last 1000 epochs): -6192.127299
Loss plot saved to C:\Users\chris\VSCodeProjects\optimal-market-maker-exchange-contract-drl\saved_models\market_maker\keep\_model\loss.png
