======================================================================
Run configuration
  device        : cpu
  batch_size    : 1028
  model_name    : 'model'
  train         : True
  load_if_exists: True (will attempt to load latest checkpoint)
  epochs        : 10000
  lr            : 0.0001
  z_bar         : 2.0
  save_per      : 10000
  log_per       : 1000
======================================================================
Loading market config from (config/) C:\Users\chris\VSCodeProjects\optimal-market-maker-exchange-contract-drl\config\market_cfg.json
Market params:
  A (lit, dark)      : [5000.0, 3000.0]
  c (theta/sigma)    : [1.5, 1.5]
  Gamma (lit, dark)  : [9.999999747378752e-05, 4.999999873689376e-05]
  sigma              : 0.1
  tick_size          : 0.03
  half_tick          : 0.015
  eps                : 1e-08
======================================================================
Loading market maker config from (config/) C:\Users\chris\VSCodeProjects\optimal-market-maker-exchange-contract-drl\config\market_maker_cfg.json
No existing checkpoint found - starting from scratch
======================================================================
Saving configuration files...
Configuration saved to C:\Users\chris\VSCodeProjects\optimal-market-maker-exchange-contract-drl\saved_models\market_maker\model
======================================================================
Training
Training epochs 1 -> 10000 (lr=0.0001, B=1028)
  [DEBUG] Term magnitudes (mean abs over batch):
    ell4 mean:   [150.45480346679688, 149.90126037597656, 150.7620086669922, 150.7398223876953]
    ell4 range:  min=139.1544  max=166.6613
    [ask,  lit]  z3=0.9990  spread_term=2.9163  quad_term=2.2646  arg=0.0611  lam=2358.4294
    [ask,d_lat]  z3=0.9897  spread_term=2.3240  quad_term=1.1380  arg=1.1127  lam=708.1942
    [ask,d_non]  z3=0.9897  spread_term=1.1570  quad_term=1.1380  arg=-1.1487  lam=710.9780
    [bid,  lit]  z3=1.0318  spread_term=2.7834  quad_term=2.2488  arg=-0.0476  lam=2365.2869
    [bid,d_lat]  z3=0.9706  spread_term=2.2446  quad_term=1.1363  arg=1.0942  lam=708.8800
    [bid,d_non]  z3=0.9706  spread_term=1.1561  quad_term=1.1363  arg=-1.1669  lam=706.1776
    H mean: -308.7427
    penalty mean: 151.9960
    rho*penalty mean: 15.1996
  Epoch  1000/10000 | loss: -2675.987793
  Epoch  2000/10000 | loss: -4580.288574
  Epoch  3000/10000 | loss: -5347.251465
  Epoch  4000/10000 | loss: -5550.938965
  Epoch  5000/10000 | loss: -5943.077637
  Epoch  6000/10000 | loss: -5973.779297
  Epoch  7000/10000 | loss: -5742.662598
  Epoch  8000/10000 | loss: -6135.547852
  Epoch  9000/10000 | loss: -5702.485352
  Epoch 10000/10000 | loss: -6121.741211
  Checkpoint saved -> C:\Users\chris\VSCodeProjects\optimal-market-maker-exchange-contract-drl\saved_models\market_maker\model\checkpoint_epoch_10000.pt
Training complete. Final epoch: 10000 | avg loss (last 1000 epochs): -6159.435186
Controls plot saved to C:\Users\chris\VSCodeProjects\optimal-market-maker-exchange-contract-drl\saved_models\market_maker\model\controls_2.0_0.05_50.0.png
Loss plot saved to C:\Users\chris\VSCodeProjects\optimal-market-maker-exchange-contract-drl\saved_models\market_maker\model\loss.png
